This is pdfTeX, Version 3.1415926-2.3-1.40.12 (MiKTeX 2.9 64-bit) (preloaded format=pdflatex 2012.1.1)  13 APR 2017 21:07
entering extended mode
**gfkg.tex
(C:\JS-local\GitHub_repos\Baez-Muniain-solutions\gfkg.tex
LaTeX2e <2011/06/27>
Babel <v3.8m> and hyphenation patterns for english, afrikaans, ancientgreek, ar
abic, armenian, assamese, basque, bengali, bokmal, bulgarian, catalan, coptic, 
croatian, czech, danish, dutch, esperanto, estonian, farsi, finnish, french, ga
lician, german, german-x-2009-06-19, greek, gujarati, hindi, hungarian, iceland
ic, indonesian, interlingua, irish, italian, kannada, kurmanji, lao, latin, lat
vian, lithuanian, malayalam, marathi, mongolian, mongolianlmc, monogreek, ngerm
an, ngerman-x-2009-06-19, nynorsk, oriya, panjabi, pinyin, polish, portuguese, 
romanian, russian, sanskrit, serbian, slovak, slovenian, spanish, swedish, swis
sgerman, tamil, telugu, turkish, turkmen, ukenglish, ukrainian, uppersorbian, u
senglishmax, welsh, loaded.
("C:\Program Files\MiKTeX 2.9\tex\latex\base\article.cls"
Document Class: article 2007/10/19 v1.4h Standard LaTeX document class
("C:\Program Files\MiKTeX 2.9\tex\latex\base\size12.clo"
File: size12.clo 2007/10/19 v1.4h Standard LaTeX file (size option)
)
\c@part=\count79
\c@section=\count80
\c@subsection=\count81
\c@subsubsection=\count82
\c@paragraph=\count83
\c@subparagraph=\count84
\c@figure=\count85
\c@table=\count86
\abovecaptionskip=\skip41
\belowcaptionskip=\skip42
\bibindent=\dimen102
)
("C:\Program Files\MiKTeX 2.9\tex\latex\geometry\geometry.sty"
Package: geometry 2010/09/12 v5.6 Page Geometry

("C:\Program Files\MiKTeX 2.9\tex\latex\graphics\keyval.sty"
Package: keyval 1999/03/16 v1.13 key=value parser (DPC)
\KV@toks@=\toks14
)
("C:\Program Files\MiKTeX 2.9\tex\generic\oberdiek\ifpdf.sty"
Package: ifpdf 2011/01/30 v2.3 Provides the ifpdf switch (HO)
Package ifpdf Info: pdfTeX in PDF mode is detected.
)
("C:\Program Files\MiKTeX 2.9\tex\generic\oberdiek\ifvtex.sty"
Package: ifvtex 2010/03/01 v1.5 Switches for detecting VTeX and its modes (HO)
Package ifvtex Info: VTeX not detected.
)
("C:\Program Files\MiKTeX 2.9\tex\generic\ifxetex\ifxetex.sty"
Package: ifxetex 2010/09/12 v0.6 Provides ifxetex conditional
)
\Gm@cnth=\count87
\Gm@cntv=\count88
\c@Gm@tempcnt=\count89
\Gm@bindingoffset=\dimen103
\Gm@wd@mp=\dimen104
\Gm@odd@mp=\dimen105
\Gm@even@mp=\dimen106
\Gm@layoutwidth=\dimen107
\Gm@layoutheight=\dimen108
\Gm@layouthoffset=\dimen109
\Gm@layoutvoffset=\dimen110
\Gm@dimlist=\toks15

("C:\Program Files\MiKTeX 2.9\tex\latex\geometry\geometry.cfg"))
("C:\Program Files\MiKTeX 2.9\tex\latex\ams\math\amsmath.sty"
Package: amsmath 2000/07/18 v2.13 AMS math features
\@mathmargin=\skip43

For additional information on amsmath, use the `?' option.
("C:\Program Files\MiKTeX 2.9\tex\latex\ams\math\amstext.sty"
Package: amstext 2000/06/29 v2.01

("C:\Program Files\MiKTeX 2.9\tex\latex\ams\math\amsgen.sty"
File: amsgen.sty 1999/11/30 v2.0
\@emptytoks=\toks16
\ex@=\dimen111
))
("C:\Program Files\MiKTeX 2.9\tex\latex\ams\math\amsbsy.sty"
Package: amsbsy 1999/11/29 v1.2d
\pmbraise@=\dimen112
)
("C:\Program Files\MiKTeX 2.9\tex\latex\ams\math\amsopn.sty"
Package: amsopn 1999/12/14 v2.01 operator names
)
\inf@bad=\count90
LaTeX Info: Redefining \frac on input line 211.
\uproot@=\count91
\leftroot@=\count92
LaTeX Info: Redefining \overline on input line 307.
\classnum@=\count93
\DOTSCASE@=\count94
LaTeX Info: Redefining \ldots on input line 379.
LaTeX Info: Redefining \dots on input line 382.
LaTeX Info: Redefining \cdots on input line 467.
\Mathstrutbox@=\box26
\strutbox@=\box27
\big@size=\dimen113
LaTeX Font Info:    Redeclaring font encoding OML on input line 567.
LaTeX Font Info:    Redeclaring font encoding OMS on input line 568.
\macc@depth=\count95
\c@MaxMatrixCols=\count96
\dotsspace@=\muskip10
\c@parentequation=\count97
\dspbrk@lvl=\count98
\tag@help=\toks17
\row@=\count99
\column@=\count100
\maxfields@=\count101
\andhelp@=\toks18
\eqnshift@=\dimen114
\alignsep@=\dimen115
\tagshift@=\dimen116
\tagwidth@=\dimen117
\totwidth@=\dimen118
\lineht@=\dimen119
\@envbody=\toks19
\multlinegap=\skip44
\multlinetaggap=\skip45
\mathdisplay@stack=\toks20
LaTeX Info: Redefining \[ on input line 2666.
LaTeX Info: Redefining \] on input line 2667.
)
("C:\Program Files\MiKTeX 2.9\tex\latex\ams\classes\amsthm.sty"
Package: amsthm 2004/08/06 v2.20
\thm@style=\toks21
\thm@bodyfont=\toks22
\thm@headfont=\toks23
\thm@notefont=\toks24
\thm@headpunct=\toks25
\thm@preskip=\skip46
\thm@postskip=\skip47
\thm@headsep=\skip48
\dth@everypar=\toks26
)
("C:\Users\Joseph Shtok\AppData\Roaming\MiKTeX\2.9\tex\latex\paralist\paralist.
sty"
Package: paralist 2002/03/18 v2.3b Extended list environments (BS)
\pltopsep=\skip49
\plpartopsep=\skip50
\plitemsep=\skip51
\plparsep=\skip52
\pl@lab=\toks27
) ("C:\Users\Joseph Shtok\AppData\Roaming\MiKTeX\2.9\tex\latex\bbm\bbm.sty"
Package: bbm 1999/03/15 V 1.2 provides fonts for set symbols - TH
LaTeX Font Info:    Overwriting math alphabet `\mathbbm' in version `bold'
(Font)                  U/bbm/m/n --> U/bbm/bx/n on input line 33.
LaTeX Font Info:    Overwriting math alphabet `\mathbbmss' in version `bold'
(Font)                  U/bbmss/m/n --> U/bbmss/bx/n on input line 35.
) ("C:\Program Files\MiKTeX 2.9\tex\latex\amsfonts\amssymb.sty"
Package: amssymb 2009/06/22 v3.00

("C:\Program Files\MiKTeX 2.9\tex\latex\amsfonts\amsfonts.sty"
Package: amsfonts 2009/06/22 v3.00 Basic AMSFonts support
\symAMSa=\mathgroup4
\symAMSb=\mathgroup5
LaTeX Font Info:    Overwriting math alphabet `\mathfrak' in version `bold'
(Font)                  U/euf/m/n --> U/euf/b/n on input line 96.
))
("C:\Users\Joseph Shtok\AppData\Roaming\MiKTeX\2.9\tex\latex\pdfpages\pdfpages.
sty"
Package: pdfpages 2012/04/03 v0.4s Insert pages of external PDF documents (AM)
 ("C:\Program Files\MiKTeX 2.9\tex\latex\base\ifthen.sty"
Package: ifthen 2001/05/26 v1.1c Standard LaTeX ifthen package (DPC)
)
("C:\Program Files\MiKTeX 2.9\tex\latex\tools\calc.sty"
Package: calc 2007/08/22 v4.3 Infix arithmetic (KKT,FJ)
\calc@Acount=\count102
\calc@Bcount=\count103
\calc@Adimen=\dimen120
\calc@Bdimen=\dimen121
\calc@Askip=\skip53
\calc@Bskip=\skip54
LaTeX Info: Redefining \setlength on input line 76.
LaTeX Info: Redefining \addtolength on input line 77.
\calc@Ccount=\count104
\calc@Cskip=\skip55
)
("C:\Users\Joseph Shtok\AppData\Roaming\MiKTeX\2.9\tex\latex\eso-pic\eso-pic.st
y"
Package: eso-pic 2010/10/06 v2.0c eso-pic (RN)
 ("C:\Program Files\MiKTeX 2.9\tex\generic\oberdiek\atbegshi.sty"
Package: atbegshi 2011/01/30 v1.15 At begin shipout hook (HO)

("C:\Program Files\MiKTeX 2.9\tex\generic\oberdiek\infwarerr.sty"
Package: infwarerr 2010/04/08 v1.3 Providing info/warning/message (HO)
)
("C:\Program Files\MiKTeX 2.9\tex\generic\oberdiek\ltxcmds.sty"
Package: ltxcmds 2011/04/18 v1.20 LaTeX kernel commands for general use (HO)
))
("C:\Users\Joseph Shtok\AppData\Roaming\MiKTeX\2.9\tex\latex\xcolor\xcolor.sty"
Package: xcolor 2007/01/21 v2.11 LaTeX color extensions (UK)
("C:\Program Files\MiKTeX 2.9\tex\latex\00miktex\color.cfg"
File: color.cfg 2007/01/18 v1.5 color configuration of teTeX/TeXLive
)
Package xcolor Info: Driver file: pdftex.def on input line 225.

("C:\Program Files\MiKTeX 2.9\tex\latex\pdftex-def\pdftex.def"
File: pdftex.def 2011/05/27 v0.06d Graphics/color for pdfTeX
\Gread@gobject=\count105
)
Package xcolor Info: Model `cmy' substituted by `cmy0' on input line 1337.
Package xcolor Info: Model `hsb' substituted by `rgb' on input line 1341.
Package xcolor Info: Model `RGB' extended on input line 1353.
Package xcolor Info: Model `HTML' substituted by `rgb' on input line 1355.
Package xcolor Info: Model `Hsb' substituted by `hsb' on input line 1356.
Package xcolor Info: Model `tHsb' substituted by `hsb' on input line 1357.
Package xcolor Info: Model `HSB' substituted by `hsb' on input line 1358.
Package xcolor Info: Model `Gray' substituted by `gray' on input line 1359.
Package xcolor Info: Model `wave' substituted by `hsb' on input line 1360.
))
("C:\Program Files\MiKTeX 2.9\tex\latex\graphics\graphicx.sty"
Package: graphicx 1999/02/16 v1.0f Enhanced LaTeX Graphics (DPC,SPQR)

("C:\Program Files\MiKTeX 2.9\tex\latex\graphics\graphics.sty"
Package: graphics 2009/02/05 v1.0o Standard LaTeX Graphics (DPC,SPQR)

("C:\Program Files\MiKTeX 2.9\tex\latex\graphics\trig.sty"
Package: trig 1999/03/16 v1.09 sin cos tan (DPC)
)
("C:\Program Files\MiKTeX 2.9\tex\latex\00miktex\graphics.cfg"
File: graphics.cfg 2007/01/18 v1.5 graphics configuration of teTeX/TeXLive
)
Package graphics Info: Driver file: pdftex.def on input line 91.
)
\Gin@req@height=\dimen122
\Gin@req@width=\dimen123
)
("C:\Users\Joseph Shtok\AppData\Roaming\MiKTeX\2.9\tex\latex\pdfpages\pppdftex.
def"
File: pppdftex.def 2012/04/03 v0.4s Pdfpages driver for pdfTeX (AM)
)
\AM@pagebox=\box28
\AM@toc@title=\toks28
\c@AM@survey=\count106
\AM@templatesizebox=\box29
) ("C:\Program Files\MiKTeX 2.9\tex\latex\base\fontenc.sty"
Package: fontenc 2005/09/27 v1.99g Standard LaTeX package

("C:\Program Files\MiKTeX 2.9\tex\latex\base\t1enc.def"
File: t1enc.def 2005/09/27 v1.99g Standard LaTeX file
LaTeX Font Info:    Redeclaring font encoding T1 on input line 43.
))
("C:\Program Files\MiKTeX 2.9\tex\latex\hyperref\hyperref.sty"
Package: hyperref 2011/08/19 v6.82h Hypertext links for LaTeX

("C:\Program Files\MiKTeX 2.9\tex\generic\oberdiek\hobsub-hyperref.sty"
Package: hobsub-hyperref 2011/04/23 v1.4 Bundle oberdiek, subset hyperref (HO)

("C:\Program Files\MiKTeX 2.9\tex\generic\oberdiek\hobsub-generic.sty"
Package: hobsub-generic 2011/04/23 v1.4 Bundle oberdiek, subset generic (HO)
Package: hobsub 2011/04/23 v1.4 Subsetting bundle oberdiek (HO)
Package hobsub Info: Skipping package `infwarerr' (already loaded).
Package hobsub Info: Skipping package `ltxcmds' (already loaded).
Package: ifluatex 2010/03/01 v1.3 Provides the ifluatex switch (HO)
Package ifluatex Info: LuaTeX not detected.
Package hobsub Info: Skipping package `ifvtex' (already loaded).
Package: intcalc 2007/09/27 v1.1 Expandable integer calculations (HO)
Package hobsub Info: Skipping package `ifpdf' (already loaded).
Package: etexcmds 2011/02/16 v1.5 Prefix for e-TeX command names (HO)
Package etexcmds Info: Could not find \expanded.
(etexcmds)             That can mean that you are not using pdfTeX 1.50 or
(etexcmds)             that some package has redefined \expanded.
(etexcmds)             In the latter case, load this package earlier.
Package: kvsetkeys 2011/04/07 v1.13 Key value parser (HO)
Package: kvdefinekeys 2011/04/07 v1.3 Defining keys (HO)
Package: pdftexcmds 2011/04/22 v0.16 Utilities of pdfTeX for LuaTeX (HO)
Package pdftexcmds Info: LuaTeX not detected.
Package pdftexcmds Info: \pdf@primitive is available.
Package pdftexcmds Info: \pdf@ifprimitive is available.
Package pdftexcmds Info: \pdfdraftmode found.
Package: pdfescape 2011/04/04 v1.12 Provides string conversions (HO)
Package: bigintcalc 2011/01/30 v1.2 Expandable big integer calculations (HO)
Package: bitset 2011/01/30 v1.1 Data type bit set (HO)
Package: uniquecounter 2011/01/30 v1.2 Provides unlimited unique counter (HO)
)
Package hobsub Info: Skipping package `hobsub' (already loaded).
Package: letltxmacro 2010/09/02 v1.4 Let assignment for LaTeX macros (HO)
Package: hopatch 2011/01/30 v1.0 Wrapper for package hooks (HO)
Package: xcolor-patch 2011/01/30 xcolor patch
Package: atveryend 2011/04/23 v1.7 Hooks at very end of document (HO)
Package hobsub Info: Skipping package `atbegshi' (already loaded).
Package: refcount 2010/12/01 v3.2 Data extraction from references (HO)
Package: hycolor 2011/01/30 v1.7 Color options of hyperref/bookmark (HO)
)
("C:\Program Files\MiKTeX 2.9\tex\latex\oberdiek\kvoptions.sty"
Package: kvoptions 2010/12/23 v3.10 Keyval support for LaTeX options (HO)
)
\@linkdim=\dimen124
\Hy@linkcounter=\count107
\Hy@pagecounter=\count108

("C:\Program Files\MiKTeX 2.9\tex\latex\hyperref\pd1enc.def"
File: pd1enc.def 2011/08/19 v6.82h Hyperref: PDFDocEncoding definition (HO)
)
\Hy@SavedSpaceFactor=\count109

("C:\Program Files\MiKTeX 2.9\tex\latex\00miktex\hyperref.cfg"
File: hyperref.cfg 2002/06/06 v1.2 hyperref configuration of TeXLive
)
Package hyperref Info: Option `bookmarks' set `true' on input line 3932.
Package hyperref Info: Option `colorlinks' set `true' on input line 3932.
Package hyperref Info: Option `breaklinks' set `true' on input line 3932.
Package hyperref Info: Option `pdfpagelabels' set `true' on input line 3932.
Package hyperref Info: Hyper figures OFF on input line 4053.
Package hyperref Info: Link nesting OFF on input line 4058.
Package hyperref Info: Hyper index ON on input line 4061.
Package hyperref Info: Plain pages OFF on input line 4068.
Package hyperref Info: Backreferencing OFF on input line 4073.
Package hyperref Info: Implicit mode ON; LaTeX internals redefined.
Package hyperref Info: Bookmarks ON on input line 4291.
\c@Hy@tempcnt=\count110

("C:\Program Files\MiKTeX 2.9\tex\latex\ltxmisc\url.sty"
\Urlmuskip=\muskip11
Package: url 2006/04/12  ver 3.3  Verb mode for urls, etc.
)
LaTeX Info: Redefining \url on input line 4644.
\Fld@menulength=\count111
\Field@Width=\dimen125
\Fld@charsize=\dimen126
Package hyperref Info: Hyper figures OFF on input line 5730.
Package hyperref Info: Link nesting OFF on input line 5735.
Package hyperref Info: Hyper index ON on input line 5738.
Package hyperref Info: backreferencing OFF on input line 5745.
Package hyperref Info: Link coloring ON on input line 5748.
Package hyperref Info: Link coloring with OCG OFF on input line 5755.
Package hyperref Info: PDF/A mode OFF on input line 5760.
LaTeX Info: Redefining \ref on input line 5800.
LaTeX Info: Redefining \pageref on input line 5804.
\Hy@abspage=\count112
\c@Item=\count113
\c@Hfootnote=\count114
)

Package hyperref Message: Driver: hpdftex.

("C:\Program Files\MiKTeX 2.9\tex\latex\hyperref\hpdftex.def"
File: hpdftex.def 2011/08/19 v6.82h Hyperref driver for pdfTeX
\Fld@listcount=\count115
\c@bookmark@seq@number=\count116

("C:\Program Files\MiKTeX 2.9\tex\latex\oberdiek\rerunfilecheck.sty"
Package: rerunfilecheck 2011/04/15 v1.7 Rerun checks for auxiliary files (HO)
Package uniquecounter Info: New unique counter `rerunfilecheck' on input line 2
82.
)
\Hy@SectionHShift=\skip56
)
("C:\Users\Joseph Shtok\AppData\Roaming\MiKTeX\2.9\tex\latex\eepic\epic.sty"
Enhancements to Picture Environment. Version 1.2 - Released June 1, 1986
\@@multicnt=\count117
\d@lta=\count118
\@delta=\dimen127
\@@delta=\dimen128
\@gridcnt=\count119
\@joinkind=\count120
\@dotgap=\dimen129
\@ddotgap=\dimen130
\@x@diff=\count121
\@y@diff=\count122
\x@diff=\dimen131
\y@diff=\dimen132
\@dotbox=\box30
\num@segments=\count123
\num@segmentsi=\count124
\@datafile=\read1
) ("C:\Users\Joseph Shtok\AppData\Roaming\MiKTeX\2.9\tex\latex\eepic\eepic.sty"
Extension to Epic and LaTeX. Version 1.1e - Released Dec 21, 1999
\@gphlinewidth=\count125
\@eepictcnt=\count126
\@tempdimc=\dimen133
\maxovaldiam=\dimen134
\@filltype=\box31
) ("C:\Program Files\MiKTeX 2.9\tex\latex\base\latexsym.sty"
Package: latexsym 1998/08/17 v2.2e Standard LaTeX package (lasy symbols)
\symlasy=\mathgroup6
LaTeX Font Info:    Overwriting symbol font `lasy' in version `bold'
(Font)                  U/lasy/m/n --> U/lasy/b/n on input line 47.
)
("C:\Program Files\MiKTeX 2.9\tex\latex\tools\verbatim.sty"
Package: verbatim 2003/08/22 v1.5q LaTeX2e package for verbatim enhancements
\every@verbatim=\toks29
\verbatim@line=\toks30
\verbatim@in@stream=\read2
)
\c@theorem=\count127
\c@dummy=\count128
\c@p=\count129

(C:\JS-local\GitHub_repos\Baez-Muniain-solutions\gfkg.aux)
LaTeX Font Info:    Checking defaults for OML/cmm/m/it on input line 44.
LaTeX Font Info:    ... okay on input line 44.
LaTeX Font Info:    Checking defaults for T1/cmr/m/n on input line 44.
LaTeX Font Info:    ... okay on input line 44.
LaTeX Font Info:    Checking defaults for OT1/cmr/m/n on input line 44.
LaTeX Font Info:    ... okay on input line 44.
LaTeX Font Info:    Checking defaults for OMS/cmsy/m/n on input line 44.
LaTeX Font Info:    ... okay on input line 44.
LaTeX Font Info:    Checking defaults for OMX/cmex/m/n on input line 44.
LaTeX Font Info:    ... okay on input line 44.
LaTeX Font Info:    Checking defaults for U/cmr/m/n on input line 44.
LaTeX Font Info:    ... okay on input line 44.
LaTeX Font Info:    Checking defaults for PD1/pdf/m/n on input line 44.
LaTeX Font Info:    ... okay on input line 44.

*geometry* driver: auto-detecting
*geometry* detected driver: pdftex
*geometry* verbose mode - [ preamble ] result:
* driver: pdftex
* paper: a4paper
* layout: <same size as paper>
* layoutoffset:(h,v)=(0.0pt,0.0pt)
* modes: 
* h-part:(L,W,R)=(71.13188pt, 455.24411pt, 71.13188pt)
* v-part:(T,H,B)=(71.13188pt, 702.78308pt, 71.13188pt)
* \paperwidth=597.50787pt
* \paperheight=845.04684pt
* \textwidth=455.24411pt
* \textheight=702.78308pt
* \oddsidemargin=-1.1381pt
* \evensidemargin=-1.1381pt
* \topmargin=-38.1381pt
* \headheight=12.0pt
* \headsep=25.0pt
* \topskip=12.0pt
* \footskip=30.0pt
* \marginparwidth=44.0pt
* \marginparsep=10.0pt
* \columnsep=10.0pt
* \skip\footins=10.8pt plus 4.0pt minus 2.0pt
* \hoffset=0.0pt
* \voffset=0.0pt
* \mag=1000
* \@twocolumnfalse
* \@twosidefalse
* \@mparswitchfalse
* \@reversemarginfalse
* (1in=72.27pt=25.4mm, 1cm=28.453pt)

\AtBeginShipoutBox=\box32

("C:\Users\Joseph Shtok\AppData\Roaming\MiKTeX\2.9\tex\context\base\supp-pdf.mk
ii"
[Loading MPS to PDF converter (version 2006.09.02).]
\scratchcounter=\count130
\scratchdimen=\dimen135
\scratchbox=\box33
\nofMPsegments=\count131
\nofMParguments=\count132
\everyMPshowfont=\toks31
\MPscratchCnt=\count133
\MPscratchDim=\dimen136
\MPnumerator=\count134
\makeMPintoPDFobject=\count135
\everyMPtoPDFconversion=\toks32
)
Package hyperref Info: Link coloring ON on input line 44.
 ("C:\Program Files\MiKTeX 2.9\tex\latex\hyperref\nameref.sty"
Package: nameref 2010/04/30 v2.40 Cross-referencing by name of section

("C:\Program Files\MiKTeX 2.9\tex\generic\oberdiek\gettitlestring.sty"
Package: gettitlestring 2010/12/03 v1.4 Cleanup title references (HO)
)
\c@section@level=\count136
)
LaTeX Info: Redefining \ref on input line 44.
LaTeX Info: Redefining \pageref on input line 44.
LaTeX Info: Redefining \nameref on input line 44.

(C:\JS-local\GitHub_repos\Baez-Muniain-solutions\gfkg.out)
(C:\JS-local\GitHub_repos\Baez-Muniain-solutions\gfkg.out)
\@outlinefile=\write3
Package hyperref Info: Option `pageanchor' set `true' on input line 48.
LaTeX Font Info:    Try loading font information for U+msa on input line 51.

("C:\Program Files\MiKTeX 2.9\tex\latex\amsfonts\umsa.fd"
File: umsa.fd 2009/06/22 v3.00 AMS symbols A
)
LaTeX Font Info:    Try loading font information for U+msb on input line 51.

("C:\Program Files\MiKTeX 2.9\tex\latex\amsfonts\umsb.fd"
File: umsb.fd 2009/06/22 v3.00 AMS symbols B
)
LaTeX Font Info:    Try loading font information for U+lasy on input line 51.

("C:\Program Files\MiKTeX 2.9\tex\latex\base\ulasy.fd"
File: ulasy.fd 1998/08/17 v2.2e LaTeX symbol font definitions
)
Underfull \hbox (badness 10000) in paragraph at lines 53--55

 []

(C:\JS-local\GitHub_repos\Baez-Muniain-solutions\gfkg.toc)
\tf@toc=\write4
 [1

{C:/Users/Joseph Shtok/AppData/Local/MiKTeX/2.9/pdftex/config/pdftex.map}]
(C:\JS-local\GitHub_repos\Baez-Muniain-solutions\src/I1.tex)
(C:\JS-local\GitHub_repos\Baez-Muniain-solutions\src/I2.tex
LaTeX Font Info:    Try loading font information for OMS+cmr on input line 8.

("C:\Program Files\MiKTeX 2.9\tex\latex\base\omscmr.fd"
File: omscmr.fd 1999/05/25 v2.5h Standard LaTeX font definitions
)
LaTeX Font Info:    Font shape `OMS/cmr/m/it' in size <12> not available
(Font)              Font shape `OMS/cmsy/m/n' tried instead on input line 8.
)
(C:\JS-local\GitHub_repos\Baez-Muniain-solutions\src/I3.tex [2]
Underfull \hbox (badness 10000) in paragraph at lines 7--10

 []

[3] [4]
Overfull \hbox (11.77144pt too wide) in paragraph at lines 164--169
[]\T1/cmr/m/n/12 Start with $\OT1/cmr/m/n/12 (\OML/cmm/m/it/12 vf\OT1/cmr/m/n/1
2 )(\OML/cmm/m/it/12 p\OT1/cmr/m/n/12 ) = []\OML/cmm/m/it/12 f\OT1/cmr/m/n/12 (
\OML/cmm/m/it/12 []\OT1/cmr/m/n/12 (\OML/cmm/m/it/12 p\OT1/cmr/m/n/12 ))\OMS/c
msy/m/n/12 j[]$ \T1/cmr/m/n/12 and $\OT1/cmr/m/n/12 (\OML/cmm/m/it/12 wf\OT1/cm
r/m/n/12 )(\OML/cmm/m/it/12 p\OT1/cmr/m/n/12 ) = []\OML/cmm/m/it/12 f\OT1/cmr/m
/n/12 (\OML/cmm/m/it/12  []\OT1/cmr/m/n/12 (\OML/cmm/m/it/12 p\OT1/cmr/m/n/12 )
)\OMS/cmsy/m/n/12 j[]$\T1/cmr/m/n/12 . Then we have $\OT1/cmr/m/n/12 (\OML/cmm/
m/it/12 vwf\OT1/cmr/m/n/12 )(\OML/cmm/m/it/12 p\OT1/cmr/m/n/12 ) =$|
 []

) (C:\JS-local\GitHub_repos\Baez-Muniain-solutions\src/I4.tex
Underfull \hbox (badness 10000) in paragraph at lines 14--19

 []

[5]
Underfull \hbox (badness 10000) in paragraph at lines 25--28

 []


Underfull \hbox (badness 10000) in paragraph at lines 47--52

 []


Underfull \hbox (badness 10000) in paragraph at lines 53--55

 []


Underfull \hbox (badness 10000) in paragraph at lines 69--73

 []

[6]
Overfull \hbox (17.51593pt too wide) in paragraph at lines 100--107
[]\T1/cmr/m/n/12 For the first equa-tion, ap-ply both sides to the par-tial $\O
ML/cmm/m/it/12 @[]$\T1/cmr/m/n/12 : $\OML/cmm/m/it/12 dx[]\OT1/cmr/m/n/12 (\OML
/cmm/m/it/12 @[]\OT1/cmr/m/n/12 ) = \OML/cmm/m/it/12 @[]\OT1/cmr/m/n/12 (\OML/c
mm/m/it/12 x[]\OT1/cmr/m/n/12 )$ \T1/cmr/m/n/12 and $[]\OML/cmm/m/it/12 dx[]\OT
1/cmr/m/n/12 (\OML/cmm/m/it/12 @[]\OT1/cmr/m/n/12 ) =$|
 []


Underfull \hbox (badness 10000) in paragraph at lines 100--107

 []

[7]
Overfull \hbox (15.59795pt too wide) in paragraph at lines 163--165
[]\T1/cmr/m/n/12 1-dimensional: scalars and vec-tors. 2-dimensional: scalars, v
ec-tors, and ar-eas. 3-dimensional:|
 []

[8]
Overfull \hbox (1.6742pt too wide) in paragraph at lines 211--212
[][]\T1/cmr/bx/n/12 Exercise 49. []\T1/cmr/m/it/12 Show that on $\U/msb/m/n/12 
R[]$ \T1/cmr/m/it/12 the ex-te-rior deriva-tive of any 1-form is given by $\OML
/cmm/m/it/12 d\OT1/cmr/m/n/12 (\OML/cmm/m/it/12 ![]dx[]\OT1/cmr/m/n/12 ) =$|
 []

) (C:\JS-local\GitHub_repos\Baez-Muniain-solutions\src/I5.tex [9]
Underfull \hbox (badness 10000) in paragraph at lines 29--37

 []

[10]
Underfull \hbox (badness 10000) in paragraph at lines 83--85

 []


Underfull \hbox (badness 10000) in paragraph at lines 89--95

 []

[11]
Underfull \hbox (badness 10000) in paragraph at lines 124--127

 []

[12]
Underfull \hbox (badness 10000) in paragraph at lines 175--192

 []


Underfull \hbox (badness 10000) in paragraph at lines 232--235

 []

[13] [14]
Overfull \hbox (0.1062pt too wide) in paragraph at lines 337--338
[][]\T1/cmr/bx/n/12 Exercise 79. []\T1/cmr/m/it/12 Let $\OML/cmm/m/it/12 P \OT1
/cmr/m/n/12 : \U/msb/m/n/12 R[] \OMS/cmsy/m/n/12 ! \U/msb/m/n/12 R[]$ \T1/cmr/m
/it/12 be the par-ity trans-for-ma-tion $\OML/cmm/m/it/12 P\OT1/cmr/m/n/12 (\OM
L/cmm/m/it/12 t; x; y; z\OT1/cmr/m/n/12 ) = (\OML/cmm/m/it/12 t; \OMS/cmsy/m/n/
12  \OML/cmm/m/it/12 x; \OMS/cmsy/m/n/12  \OML/cmm/m/it/12 y; \OMS/cmsy/m/n/12 
 \OML/cmm/m/it/12 z\OT1/cmr/m/n/12 )$\T1/cmr/m/it/12 .|
 []

) (C:\JS-local\GitHub_repos\Baez-Muniain-solutions\src/I6.tex [15] [16]
[17] [18] [19]) (C:\JS-local\GitHub_repos\Baez-Muniain-solutions\src/II1.tex
LaTeX Font Info:    Try loading font information for U+bbm on input line 34.

("C:\Users\Joseph Shtok\AppData\Roaming\MiKTeX\2.9\tex\latex\bbm\ubbm.fd"
File: ubbm.fd 1999/03/15 V 1.2 Font definition for bbm font - TH
)
[20] [21]) (C:\JS-local\GitHub_repos\Baez-Muniain-solutions\src/II2.tex
[22] [23] [24] [25]
<src/gfkg223.pdf, id=356, page=1, 597.50229pt x 845.0471pt>
File: src/gfkg223.pdf Graphic file (type pdf)

<use src/gfkg223.pdf, page 1>
Package pdftex.def Info: src/gfkg223.pdf, page1 used on input line 131.
(pdftex.def)             Requested size: 597.50082pt x 845.04504pt.
File: src/gfkg223.pdf Graphic file (type pdf)
 <use src/gfkg223.pdf, page 1>
Package pdftex.def Info: src/gfkg223.pdf, page1 used on input line 131.
(pdftex.def)             Requested size: 597.52817pt x 845.08372pt.
File: src/gfkg223.pdf Graphic file (type pdf)

<use src/gfkg223.pdf, page 1>
Package pdftex.def Info: src/gfkg223.pdf, page1 used on input line 131.
(pdftex.def)             Requested size: 597.52817pt x 845.08372pt.
File: src/gfkg223.pdf Graphic file (type pdf)
 <use src/gfkg223.pdf, page 1>
Package pdftex.def Info: src/gfkg223.pdf, page1 used on input line 131.
(pdftex.def)             Requested size: 597.52817pt x 845.08372pt.
File: src/gfkg223.pdf Graphic file (type pdf)

<use src/gfkg223.pdf, page 1>
Package pdftex.def Info: src/gfkg223.pdf, page1 used on input line 131.
(pdftex.def)             Requested size: 597.52817pt x 845.08372pt.
 [26 <C:/JS-local/GitHub_repos/Baez-Muniain-solutions/src/gfkg223.pdf>]
<src/gfkg223.pdf, id=361, page=2, 597.50229pt x 845.0471pt>
File: src/gfkg223.pdf Graphic file (type pdf)

<use src/gfkg223.pdf, page 2>
Package pdftex.def Info: src/gfkg223.pdf, page2 used on input line 131.
(pdftex.def)             Requested size: 597.52817pt x 845.08372pt.
File: src/gfkg223.pdf Graphic file (type pdf)
 <use src/gfkg223.pdf, page 2>
Package pdftex.def Info: src/gfkg223.pdf, page2 used on input line 131.
(pdftex.def)             Requested size: 597.52817pt x 845.08372pt.
File: src/gfkg223.pdf Graphic file (type pdf)

<use src/gfkg223.pdf, page 2>
Package pdftex.def Info: src/gfkg223.pdf, page2 used on input line 131.
(pdftex.def)             Requested size: 597.52817pt x 845.08372pt.
 [27 <C:/JS-local/GitHub_repos/Baez-Muniain-solutions/src/gfkg223.pdf>]
<src/gfkg224.pdf, id=368, page=1, 597.50229pt x 845.0471pt>
File: src/gfkg224.pdf Graphic file (type pdf)

<use src/gfkg224.pdf, page 1>
Package pdftex.def Info: src/gfkg224.pdf, page1 used on input line 132.
(pdftex.def)             Requested size: 597.50082pt x 845.04504pt.
File: src/gfkg224.pdf Graphic file (type pdf)
 <use src/gfkg224.pdf, page 1>
Package pdftex.def Info: src/gfkg224.pdf, page1 used on input line 132.
(pdftex.def)             Requested size: 597.52817pt x 845.08372pt.
File: src/gfkg224.pdf Graphic file (type pdf)

<use src/gfkg224.pdf, page 1>
Package pdftex.def Info: src/gfkg224.pdf, page1 used on input line 132.
(pdftex.def)             Requested size: 597.52817pt x 845.08372pt.
File: src/gfkg224.pdf Graphic file (type pdf)
 <use src/gfkg224.pdf, page 1>
Package pdftex.def Info: src/gfkg224.pdf, page1 used on input line 132.
(pdftex.def)             Requested size: 597.52817pt x 845.08372pt.
File: src/gfkg224.pdf Graphic file (type pdf)

<use src/gfkg224.pdf, page 1>
Package pdftex.def Info: src/gfkg224.pdf, page1 used on input line 132.
(pdftex.def)             Requested size: 597.52817pt x 845.08372pt.
 [28 <C:/JS-local/GitHub_repos/Baez-Muniain-solutions/src/gfkg224.pdf>]
<src/gfkg225.pdf, id=375, page=1, 597.50229pt x 845.0471pt>
File: src/gfkg225.pdf Graphic file (type pdf)

<use src/gfkg225.pdf, page 1>
Package pdftex.def Info: src/gfkg225.pdf, page1 used on input line 133.
(pdftex.def)             Requested size: 597.50082pt x 845.04504pt.
File: src/gfkg225.pdf Graphic file (type pdf)
 <use src/gfkg225.pdf, page 1>
Package pdftex.def Info: src/gfkg225.pdf, page1 used on input line 133.
(pdftex.def)             Requested size: 597.52817pt x 845.08372pt.
File: src/gfkg225.pdf Graphic file (type pdf)

<use src/gfkg225.pdf, page 1>
Package pdftex.def Info: src/gfkg225.pdf, page1 used on input line 133.
(pdftex.def)             Requested size: 597.52817pt x 845.08372pt.
File: src/gfkg225.pdf Graphic file (type pdf)
 <use src/gfkg225.pdf, page 1>
Package pdftex.def Info: src/gfkg225.pdf, page1 used on input line 133.
(pdftex.def)             Requested size: 597.52817pt x 845.08372pt.
File: src/gfkg225.pdf Graphic file (type pdf)

<use src/gfkg225.pdf, page 1>
Package pdftex.def Info: src/gfkg225.pdf, page1 used on input line 133.
(pdftex.def)             Requested size: 597.52817pt x 845.08372pt.
 [29 <C:/JS-local/GitHub_repos/Baez-Muniain-solutions/src/gfkg225.pdf>]
<src/gfkg225.pdf, id=380, page=2, 597.50229pt x 845.0471pt>
File: src/gfkg225.pdf Graphic file (type pdf)

<use src/gfkg225.pdf, page 2>
Package pdftex.def Info: src/gfkg225.pdf, page2 used on input line 133.
(pdftex.def)             Requested size: 597.52817pt x 845.08372pt.
File: src/gfkg225.pdf Graphic file (type pdf)
 <use src/gfkg225.pdf, page 2>
Package pdftex.def Info: src/gfkg225.pdf, page2 used on input line 133.
(pdftex.def)             Requested size: 597.52817pt x 845.08372pt.
File: src/gfkg225.pdf Graphic file (type pdf)

<use src/gfkg225.pdf, page 2>
Package pdftex.def Info: src/gfkg225.pdf, page2 used on input line 133.
(pdftex.def)             Requested size: 597.52817pt x 845.08372pt.
 [30 <C:/JS-local/GitHub_repos/Baez-Muniain-solutions/src/gfkg225.pdf>]
LaTeX Font Info:    Try loading font information for U+euf on input line 140.
 ("C:\Program Files\MiKTeX 2.9\tex\latex\amsfonts\ueuf.fd"
File: ueuf.fd 2009/06/22 v3.00 Euler Fraktur
) [31] <src/gfkg226.pdf, id=398, page=1, 597.50229pt x 845.0471pt>
File: src/gfkg226.pdf Graphic file (type pdf)

<use src/gfkg226.pdf, page 1>
Package pdftex.def Info: src/gfkg226.pdf, page1 used on input line 163.
(pdftex.def)             Requested size: 597.50082pt x 845.04504pt.
File: src/gfkg226.pdf Graphic file (type pdf)
 <use src/gfkg226.pdf, page 1>
Package pdftex.def Info: src/gfkg226.pdf, page1 used on input line 163.
(pdftex.def)             Requested size: 597.52817pt x 845.08372pt.
File: src/gfkg226.pdf Graphic file (type pdf)

<use src/gfkg226.pdf, page 1>
Package pdftex.def Info: src/gfkg226.pdf, page1 used on input line 163.
(pdftex.def)             Requested size: 597.52817pt x 845.08372pt.
File: src/gfkg226.pdf Graphic file (type pdf)
 <use src/gfkg226.pdf, page 1>
Package pdftex.def Info: src/gfkg226.pdf, page1 used on input line 163.
(pdftex.def)             Requested size: 597.52817pt x 845.08372pt.
File: src/gfkg226.pdf Graphic file (type pdf)

<use src/gfkg226.pdf, page 1>
Package pdftex.def Info: src/gfkg226.pdf, page1 used on input line 163.
(pdftex.def)             Requested size: 597.52817pt x 845.08372pt.
 [32 <C:/JS-local/GitHub_repos/Baez-Muniain-solutions/src/gfkg226.pdf>]
<src/gfkg226.pdf, id=403, page=2, 597.50229pt x 845.0471pt>
File: src/gfkg226.pdf Graphic file (type pdf)

<use src/gfkg226.pdf, page 2>
Package pdftex.def Info: src/gfkg226.pdf, page2 used on input line 163.
(pdftex.def)             Requested size: 597.52817pt x 845.08372pt.
File: src/gfkg226.pdf Graphic file (type pdf)
 <use src/gfkg226.pdf, page 2>
Package pdftex.def Info: src/gfkg226.pdf, page2 used on input line 163.
(pdftex.def)             Requested size: 597.52817pt x 845.08372pt.
File: src/gfkg226.pdf Graphic file (type pdf)

<use src/gfkg226.pdf, page 2>
Package pdftex.def Info: src/gfkg226.pdf, page2 used on input line 163.
(pdftex.def)             Requested size: 597.52817pt x 845.08372pt.
 [33 <C:/JS-local/GitHub_repos/Baez-Muniain-solutions/src/gfkg226.pdf>]
<src/gfkg226.pdf, id=408, page=3, 597.50229pt x 845.0471pt>
File: src/gfkg226.pdf Graphic file (type pdf)

<use src/gfkg226.pdf, page 3>
Package pdftex.def Info: src/gfkg226.pdf, page3 used on input line 163.
(pdftex.def)             Requested size: 597.52817pt x 845.08372pt.
File: src/gfkg226.pdf Graphic file (type pdf)
 <use src/gfkg226.pdf, page 3>
Package pdftex.def Info: src/gfkg226.pdf, page3 used on input line 163.
(pdftex.def)             Requested size: 597.52817pt x 845.08372pt.
File: src/gfkg226.pdf Graphic file (type pdf)

<use src/gfkg226.pdf, page 3>
Package pdftex.def Info: src/gfkg226.pdf, page3 used on input line 163.
(pdftex.def)             Requested size: 597.52817pt x 845.08372pt.
 [34 <C:/JS-local/GitHub_repos/Baez-Muniain-solutions/src/gfkg226.pdf>]
<src/gfkg226.pdf, id=413, page=4, 597.50229pt x 845.0471pt>
File: src/gfkg226.pdf Graphic file (type pdf)

<use src/gfkg226.pdf, page 4>
Package pdftex.def Info: src/gfkg226.pdf, page4 used on input line 163.
(pdftex.def)             Requested size: 597.52817pt x 845.08372pt.
File: src/gfkg226.pdf Graphic file (type pdf)
 <use src/gfkg226.pdf, page 4>
Package pdftex.def Info: src/gfkg226.pdf, page4 used on input line 163.
(pdftex.def)             Requested size: 597.52817pt x 845.08372pt.
File: src/gfkg226.pdf Graphic file (type pdf)

<use src/gfkg226.pdf, page 4>
Package pdftex.def Info: src/gfkg226.pdf, page4 used on input line 163.
(pdftex.def)             Requested size: 597.52817pt x 845.08372pt.
 [35 <C:/JS-local/GitHub_repos/Baez-Muniain-solutions/src/gfkg226.pdf>])
(C:\JS-local\GitHub_repos\Baez-Muniain-solutions\src/II3.tex
<src/gfkg227.pdf, id=420, page=1, 597.50229pt x 845.0471pt>
File: src/gfkg227.pdf Graphic file (type pdf)

<use src/gfkg227.pdf, page 1>
Package pdftex.def Info: src/gfkg227.pdf, page1 used on input line 4.
(pdftex.def)             Requested size: 597.50082pt x 845.04504pt.
File: src/gfkg227.pdf Graphic file (type pdf)
 <use src/gfkg227.pdf, page 1>
Package pdftex.def Info: src/gfkg227.pdf, page1 used on input line 4.
(pdftex.def)             Requested size: 597.52817pt x 845.08372pt.
File: src/gfkg227.pdf Graphic file (type pdf)

<use src/gfkg227.pdf, page 1>
Package pdftex.def Info: src/gfkg227.pdf, page1 used on input line 4.
(pdftex.def)             Requested size: 597.52817pt x 845.08372pt.
File: src/gfkg227.pdf Graphic file (type pdf)
 <use src/gfkg227.pdf, page 1>
Package pdftex.def Info: src/gfkg227.pdf, page1 used on input line 4.
(pdftex.def)             Requested size: 597.52817pt x 845.08372pt.
File: src/gfkg227.pdf Graphic file (type pdf)

<use src/gfkg227.pdf, page 1>
Package pdftex.def Info: src/gfkg227.pdf, page1 used on input line 4.
(pdftex.def)             Requested size: 597.52817pt x 845.08372pt.
 [36 <C:/JS-local/GitHub_repos/Baez-Muniain-solutions/src/gfkg227.pdf>]
<src/gfkg227.pdf, id=425, page=2, 597.50229pt x 845.0471pt>
File: src/gfkg227.pdf Graphic file (type pdf)

<use src/gfkg227.pdf, page 2>
Package pdftex.def Info: src/gfkg227.pdf, page2 used on input line 4.
(pdftex.def)             Requested size: 597.52817pt x 845.08372pt.
File: src/gfkg227.pdf Graphic file (type pdf)
 <use src/gfkg227.pdf, page 2>
Package pdftex.def Info: src/gfkg227.pdf, page2 used on input line 4.
(pdftex.def)             Requested size: 597.52817pt x 845.08372pt.
File: src/gfkg227.pdf Graphic file (type pdf)

<use src/gfkg227.pdf, page 2>
Package pdftex.def Info: src/gfkg227.pdf, page2 used on input line 4.
(pdftex.def)             Requested size: 597.52817pt x 845.08372pt.
 [37 <C:/JS-local/GitHub_repos/Baez-Muniain-solutions/src/gfkg227.pdf>]
<src/gfkg227.pdf, id=431, page=3, 597.50229pt x 845.0471pt>
File: src/gfkg227.pdf Graphic file (type pdf)

<use src/gfkg227.pdf, page 3>
Package pdftex.def Info: src/gfkg227.pdf, page3 used on input line 4.
(pdftex.def)             Requested size: 597.52817pt x 845.08372pt.
File: src/gfkg227.pdf Graphic file (type pdf)
 <use src/gfkg227.pdf, page 3>
Package pdftex.def Info: src/gfkg227.pdf, page3 used on input line 4.
(pdftex.def)             Requested size: 597.52817pt x 845.08372pt.
File: src/gfkg227.pdf Graphic file (type pdf)

<use src/gfkg227.pdf, page 3>
Package pdftex.def Info: src/gfkg227.pdf, page3 used on input line 4.
(pdftex.def)             Requested size: 597.52817pt x 845.08372pt.
 [38 <C:/JS-local/GitHub_repos/Baez-Muniain-solutions/src/gfkg227.pdf>]
<src/gfkg227.pdf, id=436, page=4, 597.50229pt x 845.0471pt>
File: src/gfkg227.pdf Graphic file (type pdf)

<use src/gfkg227.pdf, page 4>
Package pdftex.def Info: src/gfkg227.pdf, page4 used on input line 4.
(pdftex.def)             Requested size: 597.52817pt x 845.08372pt.
File: src/gfkg227.pdf Graphic file (type pdf)
 <use src/gfkg227.pdf, page 4>
Package pdftex.def Info: src/gfkg227.pdf, page4 used on input line 4.
(pdftex.def)             Requested size: 597.52817pt x 845.08372pt.
File: src/gfkg227.pdf Graphic file (type pdf)

<use src/gfkg227.pdf, page 4>
Package pdftex.def Info: src/gfkg227.pdf, page4 used on input line 4.
(pdftex.def)             Requested size: 597.52817pt x 845.08372pt.
 [39 <C:/JS-local/GitHub_repos/Baez-Muniain-solutions/src/gfkg227.pdf>]
<src/gfkg227.pdf, id=441, page=5, 597.50229pt x 845.0471pt>
File: src/gfkg227.pdf Graphic file (type pdf)

<use src/gfkg227.pdf, page 5>
Package pdftex.def Info: src/gfkg227.pdf, page5 used on input line 4.
(pdftex.def)             Requested size: 597.52817pt x 845.08372pt.
File: src/gfkg227.pdf Graphic file (type pdf)
 <use src/gfkg227.pdf, page 5>
Package pdftex.def Info: src/gfkg227.pdf, page5 used on input line 4.
(pdftex.def)             Requested size: 597.52817pt x 845.08372pt.
File: src/gfkg227.pdf Graphic file (type pdf)

<use src/gfkg227.pdf, page 5>
Package pdftex.def Info: src/gfkg227.pdf, page5 used on input line 4.
(pdftex.def)             Requested size: 597.52817pt x 845.08372pt.
 [40 <C:/JS-local/GitHub_repos/Baez-Muniain-solutions/src/gfkg227.pdf>]
<src/gfkg227.pdf, id=446, page=6, 597.50229pt x 845.0471pt>
File: src/gfkg227.pdf Graphic file (type pdf)

<use src/gfkg227.pdf, page 6>
Package pdftex.def Info: src/gfkg227.pdf, page6 used on input line 4.
(pdftex.def)             Requested size: 597.52817pt x 845.08372pt.
File: src/gfkg227.pdf Graphic file (type pdf)
 <use src/gfkg227.pdf, page 6>
Package pdftex.def Info: src/gfkg227.pdf, page6 used on input line 4.
(pdftex.def)             Requested size: 597.52817pt x 845.08372pt.
File: src/gfkg227.pdf Graphic file (type pdf)

<use src/gfkg227.pdf, page 6>
Package pdftex.def Info: src/gfkg227.pdf, page6 used on input line 4.
(pdftex.def)             Requested size: 597.52817pt x 845.08372pt.
 [41 <C:/JS-local/GitHub_repos/Baez-Muniain-solutions/src/gfkg227.pdf>]
<src/gfkg227.pdf, id=451, page=7, 597.50229pt x 845.0471pt>
File: src/gfkg227.pdf Graphic file (type pdf)

<use src/gfkg227.pdf, page 7>
Package pdftex.def Info: src/gfkg227.pdf, page7 used on input line 4.
(pdftex.def)             Requested size: 597.52817pt x 845.08372pt.
File: src/gfkg227.pdf Graphic file (type pdf)
 <use src/gfkg227.pdf, page 7>
Package pdftex.def Info: src/gfkg227.pdf, page7 used on input line 4.
(pdftex.def)             Requested size: 597.52817pt x 845.08372pt.
File: src/gfkg227.pdf Graphic file (type pdf)

<use src/gfkg227.pdf, page 7>
Package pdftex.def Info: src/gfkg227.pdf, page7 used on input line 4.
(pdftex.def)             Requested size: 597.52817pt x 845.08372pt.
 [42 <C:/JS-local/GitHub_repos/Baez-Muniain-solutions/src/gfkg227.pdf>]
<src/gfkg227.pdf, id=456, page=8, 597.50229pt x 845.0471pt>
File: src/gfkg227.pdf Graphic file (type pdf)

<use src/gfkg227.pdf, page 8>
Package pdftex.def Info: src/gfkg227.pdf, page8 used on input line 4.
(pdftex.def)             Requested size: 597.52817pt x 845.08372pt.
File: src/gfkg227.pdf Graphic file (type pdf)
 <use src/gfkg227.pdf, page 8>
Package pdftex.def Info: src/gfkg227.pdf, page8 used on input line 4.
(pdftex.def)             Requested size: 597.52817pt x 845.08372pt.
File: src/gfkg227.pdf Graphic file (type pdf)

<use src/gfkg227.pdf, page 8>
Package pdftex.def Info: src/gfkg227.pdf, page8 used on input line 4.
(pdftex.def)             Requested size: 597.52817pt x 845.08372pt.
 [43 <C:/JS-local/GitHub_repos/Baez-Muniain-solutions/src/gfkg227.pdf>]) <src/l
ie.pdf, id=464, page=1, 597.50229pt x 845.0471pt>
File: src/lie.pdf Graphic file (type pdf)

<use src/lie.pdf, page 1>
Package pdftex.def Info: src/lie.pdf, page1 used on input line 96.
(pdftex.def)             Requested size: 597.50082pt x 845.04504pt.
File: src/lie.pdf Graphic file (type pdf)
 <use src/lie.pdf, page 1>
Package pdftex.def Info: src/lie.pdf, page1 used on input line 96.
(pdftex.def)             Requested size: 597.52817pt x 845.08372pt.
File: src/lie.pdf Graphic file (type pdf)
 <use src/lie.pdf, page 1>
Package pdftex.def Info: src/lie.pdf, page1 used on input line 96.
(pdftex.def)             Requested size: 597.52817pt x 845.08372pt.
File: src/lie.pdf Graphic file (type pdf)

<use src/lie.pdf, page 1>
Package pdftex.def Info: src/lie.pdf, page1 used on input line 96.
(pdftex.def)             Requested size: 597.52817pt x 845.08372pt.
File: src/lie.pdf Graphic file (type pdf)
 <use src/lie.pdf, page 1>
Package pdftex.def Info: src/lie.pdf, page1 used on input line 96.
(pdftex.def)             Requested size: 597.52817pt x 845.08372pt.
 [44 <C:/JS-local/GitHub_repos/Baez-Muniain-solutions/src/lie.pdf>]
<src/lie.pdf, id=471, page=2, 597.50229pt x 845.0471pt>
File: src/lie.pdf Graphic file (type pdf)

<use src/lie.pdf, page 2>
Package pdftex.def Info: src/lie.pdf, page2 used on input line 96.
(pdftex.def)             Requested size: 597.52817pt x 845.08372pt.
File: src/lie.pdf Graphic file (type pdf)
 <use src/lie.pdf, page 2>
Package pdftex.def Info: src/lie.pdf, page2 used on input line 96.
(pdftex.def)             Requested size: 597.52817pt x 845.08372pt.
File: src/lie.pdf Graphic file (type pdf)
 <use src/lie.pdf, page 2>
Package pdftex.def Info: src/lie.pdf, page2 used on input line 96.
(pdftex.def)             Requested size: 597.52817pt x 845.08372pt.

[45 <C:/JS-local/GitHub_repos/Baez-Muniain-solutions/src/lie.pdf>]
<src/lie.pdf, id=476, page=3, 597.50229pt x 845.0471pt>
File: src/lie.pdf Graphic file (type pdf)

<use src/lie.pdf, page 3>
Package pdftex.def Info: src/lie.pdf, page3 used on input line 96.
(pdftex.def)             Requested size: 597.52817pt x 845.08372pt.
File: src/lie.pdf Graphic file (type pdf)
 <use src/lie.pdf, page 3>
Package pdftex.def Info: src/lie.pdf, page3 used on input line 96.
(pdftex.def)             Requested size: 597.52817pt x 845.08372pt.
File: src/lie.pdf Graphic file (type pdf)
 <use src/lie.pdf, page 3>
Package pdftex.def Info: src/lie.pdf, page3 used on input line 96.
(pdftex.def)             Requested size: 597.52817pt x 845.08372pt.

[46 <C:/JS-local/GitHub_repos/Baez-Muniain-solutions/src/lie.pdf>]
<src/lie.pdf, id=481, page=4, 597.50229pt x 845.0471pt>
File: src/lie.pdf Graphic file (type pdf)

<use src/lie.pdf, page 4>
Package pdftex.def Info: src/lie.pdf, page4 used on input line 96.
(pdftex.def)             Requested size: 597.52817pt x 845.08372pt.
File: src/lie.pdf Graphic file (type pdf)
 <use src/lie.pdf, page 4>
Package pdftex.def Info: src/lie.pdf, page4 used on input line 96.
(pdftex.def)             Requested size: 597.52817pt x 845.08372pt.
File: src/lie.pdf Graphic file (type pdf)
 <use src/lie.pdf, page 4>
Package pdftex.def Info: src/lie.pdf, page4 used on input line 96.
(pdftex.def)             Requested size: 597.52817pt x 845.08372pt.

[47 <C:/JS-local/GitHub_repos/Baez-Muniain-solutions/src/lie.pdf>]
<src/lie.pdf, id=486, page=5, 597.50229pt x 845.0471pt>
File: src/lie.pdf Graphic file (type pdf)

<use src/lie.pdf, page 5>
Package pdftex.def Info: src/lie.pdf, page5 used on input line 96.
(pdftex.def)             Requested size: 597.52817pt x 845.08372pt.
File: src/lie.pdf Graphic file (type pdf)
 <use src/lie.pdf, page 5>
Package pdftex.def Info: src/lie.pdf, page5 used on input line 96.
(pdftex.def)             Requested size: 597.52817pt x 845.08372pt.
File: src/lie.pdf Graphic file (type pdf)
 <use src/lie.pdf, page 5>
Package pdftex.def Info: src/lie.pdf, page5 used on input line 96.
(pdftex.def)             Requested size: 597.52817pt x 845.08372pt.

[48 <C:/JS-local/GitHub_repos/Baez-Muniain-solutions/src/lie.pdf>]
<src/lie.pdf, id=491, page=6, 597.50229pt x 845.0471pt>
File: src/lie.pdf Graphic file (type pdf)

<use src/lie.pdf, page 6>
Package pdftex.def Info: src/lie.pdf, page6 used on input line 96.
(pdftex.def)             Requested size: 597.52817pt x 845.08372pt.
File: src/lie.pdf Graphic file (type pdf)
 <use src/lie.pdf, page 6>
Package pdftex.def Info: src/lie.pdf, page6 used on input line 96.
(pdftex.def)             Requested size: 597.52817pt x 845.08372pt.
File: src/lie.pdf Graphic file (type pdf)
 <use src/lie.pdf, page 6>
Package pdftex.def Info: src/lie.pdf, page6 used on input line 96.
(pdftex.def)             Requested size: 597.52817pt x 845.08372pt.

[49 <C:/JS-local/GitHub_repos/Baez-Muniain-solutions/src/lie.pdf>]
<src/lie.pdf, id=497, page=7, 597.50229pt x 845.0471pt>
File: src/lie.pdf Graphic file (type pdf)

<use src/lie.pdf, page 7>
Package pdftex.def Info: src/lie.pdf, page7 used on input line 96.
(pdftex.def)             Requested size: 597.52817pt x 845.08372pt.
File: src/lie.pdf Graphic file (type pdf)
 <use src/lie.pdf, page 7>
Package pdftex.def Info: src/lie.pdf, page7 used on input line 96.
(pdftex.def)             Requested size: 597.52817pt x 845.08372pt.
File: src/lie.pdf Graphic file (type pdf)
 <use src/lie.pdf, page 7>
Package pdftex.def Info: src/lie.pdf, page7 used on input line 96.
(pdftex.def)             Requested size: 597.52817pt x 845.08372pt.

[50 <C:/JS-local/GitHub_repos/Baez-Muniain-solutions/src/lie.pdf>]
<src/lie.pdf, id=502, page=8, 597.50229pt x 845.0471pt>
File: src/lie.pdf Graphic file (type pdf)

<use src/lie.pdf, page 8>
Package pdftex.def Info: src/lie.pdf, page8 used on input line 96.
(pdftex.def)             Requested size: 597.52817pt x 845.08372pt.
File: src/lie.pdf Graphic file (type pdf)
 <use src/lie.pdf, page 8>
Package pdftex.def Info: src/lie.pdf, page8 used on input line 96.
(pdftex.def)             Requested size: 597.52817pt x 845.08372pt.
File: src/lie.pdf Graphic file (type pdf)
 <use src/lie.pdf, page 8>
Package pdftex.def Info: src/lie.pdf, page8 used on input line 96.
(pdftex.def)             Requested size: 597.52817pt x 845.08372pt.

[51 <C:/JS-local/GitHub_repos/Baez-Muniain-solutions/src/lie.pdf>]
<src/expmap.pdf, id=509, page=1, 597.50229pt x 845.0471pt>
File: src/expmap.pdf Graphic file (type pdf)

<use src/expmap.pdf, page 1>
Package pdftex.def Info: src/expmap.pdf, page1 used on input line 98.
(pdftex.def)             Requested size: 597.50082pt x 845.04504pt.
File: src/expmap.pdf Graphic file (type pdf)
 <use src/expmap.pdf, page 1>
Package pdftex.def Info: src/expmap.pdf, page1 used on input line 98.
(pdftex.def)             Requested size: 597.52817pt x 845.08372pt.
File: src/expmap.pdf Graphic file (type pdf)

<use src/expmap.pdf, page 1>
Package pdftex.def Info: src/expmap.pdf, page1 used on input line 98.
(pdftex.def)             Requested size: 597.52817pt x 845.08372pt.
File: src/expmap.pdf Graphic file (type pdf)
 <use src/expmap.pdf, page 1>
Package pdftex.def Info: src/expmap.pdf, page1 used on input line 98.
(pdftex.def)             Requested size: 597.52817pt x 845.08372pt.
File: src/expmap.pdf Graphic file (type pdf)

<use src/expmap.pdf, page 1>
Package pdftex.def Info: src/expmap.pdf, page1 used on input line 98.
(pdftex.def)             Requested size: 597.52817pt x 845.08372pt.
 [52 <C:/JS-local/GitHub_repos/Baez-Muniain-solutions/src/expmap.pdf>] <src/exp
map.pdf, id=516, page=2, 597.50229pt x 845.0471pt>
File: src/expmap.pdf Graphic file (type pdf)

<use src/expmap.pdf, page 2>
Package pdftex.def Info: src/expmap.pdf, page2 used on input line 98.
(pdftex.def)             Requested size: 597.52817pt x 845.08372pt.
File: src/expmap.pdf Graphic file (type pdf)
 <use src/expmap.pdf, page 2>
Package pdftex.def Info: src/expmap.pdf, page2 used on input line 98.
(pdftex.def)             Requested size: 597.52817pt x 845.08372pt.
File: src/expmap.pdf Graphic file (type pdf)

<use src/expmap.pdf, page 2>
Package pdftex.def Info: src/expmap.pdf, page2 used on input line 98.
(pdftex.def)             Requested size: 597.52817pt x 845.08372pt.
 [53 <C:/JS-local/GitHub_repos/Baez-Muniain-solutions/src/expmap.pdf>]
Package atveryend Info: Empty hook `BeforeClearDocument' on input line 104.
Package atveryend Info: Empty hook `AfterLastShipout' on input line 104.
 (C:\JS-local\GitHub_repos\Baez-Muniain-solutions\gfkg.aux)
Package atveryend Info: Executing hook `AtVeryEndDocument' on input line 104.
Package atveryend Info: Executing hook `AtEndAfterFileList' on input line 104.
Package rerunfilecheck Info: File `gfkg.out' has not changed.
(rerunfilecheck)             Checksum: D8F0048E2F13A11D94DEBF81E0B3D0C5;699.
 )
(\end occurred inside a group at level 2)

### simple group (level 2) entered at line 35 ({)
### simple group (level 1) entered at line 58 ({)
### bottom level 
Here is how much of TeX's memory you used:
 8321 strings out of 494045
 117510 string characters out of 3148367
 223469 words of memory out of 3000000
 11193 multiletter control sequences out of 15000+200000
 26964 words of font info for 85 fonts, out of 3000000 for 9000
 715 hyphenation exceptions out of 8191
 43i,18n,44p,599b,522s stack positions out of 5000i,500n,10000p,200000b,50000s
 <C:\Users\Joseph Shtok\AppData\Local\MiKTeX\2.9\fonts\pk\ljfou
r\public\bbm\dpi600\bbm12.pk> <C:\Users\Joseph Shtok\AppData\Local\MiKTeX\2.9\f
onts\pk\ljfour\jknappen\ec\dpi600\ecti1200.pk> <C:\Users\Joseph Shtok\AppData\L
ocal\MiKTeX\2.9\fonts\pk\ljfour\jknappen\ec\dpi600\ecbx1440.pk> <C:\Users\Josep
h Shtok\AppData\Local\MiKTeX\2.9\fonts\pk\ljfour\jknappen\ec\dpi600\ecrm1200.pk
> <C:\Users\Joseph Shtok\AppData\Local\MiKTeX\2.9\fonts\pk\ljfour\jknappen\ec\d
pi600\ecbx1200.pk> <C:\Users\Joseph Shtok\AppData\Local\MiKTeX\2.9\fonts\pk\ljf
our\jknappen\ec\dpi600\ecbx1728.pk> <C:\Users\Joseph Shtok\AppData\Local\MiKTeX
\2.9\fonts\pk\ljfour\jknappen\ec\dpi600\ecti1095.pk> <C:\Users\Joseph Shtok\App
Data\Local\MiKTeX\2.9\fonts\pk\ljfour\jknappen\ec\dpi600\ecrm1095.pk> <C:\Users
\Joseph Shtok\AppData\Local\MiKTeX\2.9\fonts\pk\ljfour\jknappen\ec\dpi600\ecrm1
440.pk> <C:\Users\Joseph Shtok\AppData\Local\MiKTeX\2.9\fonts\pk\ljfour\jknappe
n\ec\dpi600\ecti2074.pk> <C:\Users\Joseph Shtok\AppData\Local\MiKTeX\2.9\fonts\
pk\ljfour\jknappen\ec\dpi600\ecrm2074.pk><C:/Program Files/MiKTeX 2.9/fonts/typ
e1/public/amsfonts/cm/cmbx12.pfb><C:/Program Files/MiKTeX 2.9/fonts/type1/publi
c/amsfonts/cm/cmex10.pfb><C:/Program Files/MiKTeX 2.9/fonts/type1/public/amsfon
ts/cm/cmmi10.pfb><C:/Program Files/MiKTeX 2.9/fonts/type1/public/amsfonts/cm/cm
mi12.pfb><C:/Program Files/MiKTeX 2.9/fonts/type1/public/amsfonts/cm/cmmi6.pfb>
<C:/Program Files/MiKTeX 2.9/fonts/type1/public/amsfonts/cm/cmmi8.pfb><C:/Progr
am Files/MiKTeX 2.9/fonts/type1/public/amsfonts/cm/cmr10.pfb><C:/Program Files/
MiKTeX 2.9/fonts/type1/public/amsfonts/cm/cmr12.pfb><C:/Program Files/MiKTeX 2.
9/fonts/type1/public/amsfonts/cm/cmr6.pfb><C:/Program Files/MiKTeX 2.9/fonts/ty
pe1/public/amsfonts/cm/cmr8.pfb><C:/Program Files/MiKTeX 2.9/fonts/type1/public
/amsfonts/cm/cmsy10.pfb><C:/Program Files/MiKTeX 2.9/fonts/type1/public/amsfont
s/cm/cmsy6.pfb><C:/Program Files/MiKTeX 2.9/fonts/type1/public/amsfonts/cm/cmsy
8.pfb><C:/Program Files/MiKTeX 2.9/fonts/type1/public/amsfonts/euler/eufm10.pfb
><C:/Program Files/MiKTeX 2.9/fonts/type1/public/amsfonts/symbols/msbm10.pfb>
Output written on gfkg.pdf (53 pages, 3745851 bytes).
PDF statistics:
 973 PDF objects out of 1000 (max. 8388607)
 229 named destinations out of 1000 (max. 500000)
 310 words of extra memory for PDF output out of 10000 (max. 10000000)

